<?xml version="1.0" encoding="UTF-8"?>
<testsuite xmlns:xsi="http://www.w3.org/2001/XMLSchema-instance" xsi:noNamespaceSchemaLocation="https://maven.apache.org/surefire/maven-surefire-plugin/xsd/surefire-test-report-3.0.xsd" version="3.0" name="ua.edu.socbot.SocAiBotApplicationTest" time="2.606" tests="1" errors="0" skipped="0" failures="0">
  <properties>
[...]
</properties>
  <testcase name="contextLoads" classname="ua.edu.socbot.SocAiBotApplicationTest" time="0.445">
    <system-out><![CDATA[02:30:02.085 [main] INFO org.springframework.test.context.support.AnnotationConfigContextLoaderUtils -- Could not detect default configuration classes for test class [ua.edu.socbot.SocAiBotApplicationTest]: SocAiBotApplicationTest does not declare any static, non-private, non-final, nested classes annotated with @Configuration.
02:30:02.245 [main] INFO org.springframework.boot.test.context.SpringBootTestContextBootstrapper -- Found @SpringBootConfiguration ua.edu.socbot.SocAiBotApplication for test class ua.edu.socbot.SocAiBotApplicationTest

  .   ____          _            __ _ _
 /\\ / ___'_ __ _ _(_)_ __  __ _ \ \ \ \
( ( )\___ | '_ | '_| | '_ \/ _` | \ \ \ \
 \\/  ___)| |_)| | | | | || (_| |  ) ) ) )
  '  |____| .__|_| |_|_| |_\__, | / / / /
 =========|_|==============|___/=/_/_/_/

 :: Spring Boot ::                (v3.3.5)

2026-05-19T02:30:02.702+03:00  INFO 9836 --- [           main] ua.edu.socbot.SocAiBotApplicationTest    : Starting SocAiBotApplicationTest using Java 24.0.2 with PID 9836 (started by Sevicss in C:\Users\Sevicss\Desktop\Лабораторки\СШІ\Лаб_6\soc-ai-bot-java)
2026-05-19T02:30:02.703+03:00  INFO 9836 --- [           main] ua.edu.socbot.SocAiBotApplicationTest    : No active profile set, falling back to 1 default profile: "default"
2026-05-19T02:30:03.588+03:00  INFO 9836 --- [           main] o.s.b.w.embedded.tomcat.TomcatWebServer  : Tomcat initialized with port 0 (http)
2026-05-19T02:30:03.602+03:00  INFO 9836 --- [           main] o.apache.catalina.core.StandardService   : Starting service [Tomcat]
2026-05-19T02:30:03.604+03:00  INFO 9836 --- [           main] o.apache.catalina.core.StandardEngine    : Starting Servlet engine: [Apache Tomcat/10.1.31]
2026-05-19T02:30:03.643+03:00  INFO 9836 --- [           main] o.a.c.c.C.[Tomcat].[localhost].[/]       : Initializing Spring embedded WebApplicationContext
2026-05-19T02:30:03.643+03:00  INFO 9836 --- [           main] w.s.c.ServletWebServerApplicationContext : Root WebApplicationContext: initialization completed in 914 ms
2026-05-19T02:30:03.830+03:00  INFO 9836 --- [           main] o.s.b.a.w.s.WelcomePageHandlerMapping    : Adding welcome page: class path resource [static/index.html]
2026-05-19T02:30:04.093+03:00  INFO 9836 --- [           main] o.s.b.w.embedded.tomcat.TomcatWebServer  : Tomcat started on port 62345 (http) with context path '/'
2026-05-19T02:30:04.100+03:00  INFO 9836 --- [           main] ua.edu.socbot.SocAiBotApplicationTest    : Started SocAiBotApplicationTest in 1.67 seconds (process running for 2.787)
]]></system-out>
    <system-err><![CDATA[WARNING: A Java agent has been loaded dynamically (C:\Users\Sevicss\.m2\repository\net\bytebuddy\byte-buddy-agent\1.14.19\byte-buddy-agent-1.14.19.jar)
WARNING: If a serviceability tool is in use, please run with -XX:+EnableDynamicAgentLoading to hide this warning
WARNING: If a serviceability tool is not in use, please run with -Djdk.instrument.traceUsage for more information
WARNING: Dynamic loading of agents will be disallowed by default in a future release
]]></system-err>
  </testcase>
</testsuite>